2026-01-19 19:23:27,906 - INFO - Adapter=LastfmAdapter Action=GET Status=cache-hit:200 Url=https://ws.audioscrobbler.com/2.0/?method=tag.getTopAlbums&tag=electronic&limit=30&page=1&api_key=%2A%2A%2A&format=json
2026-01-19 19:23:27,914 - INFO - Adapter=MusicBrainzAdapter Action=GET Status=cache-miss Url=https://musicbrainz.org/ws/2/release-group/2fdcc2d7-50b9-4b27-8262-8cf9e31aaa4d?fmt=json
2026-01-19 19:23:28,737 - INFO - Adapter=MusicBrainzAdapter Action=GET Status=404 Url=https://musicbrainz.org/ws/2/release-group/2fdcc2d7-50b9-4b27-8262-8cf9e31aaa4d?fmt=json
2026-01-19 19:23:28,738 - INFO - Adapter=MusicBrainzAdapter Action=GET Status=cache-hit:200 Url=https://musicbrainz.org/ws/2/release/2fdcc2d7-50b9-4b27-8262-8cf9e31aaa4d?fmt=json
2026-01-19 19:23:28,740 - INFO - Adapter=MusicBrainzAdapter Action=GET Status=cache-hit:200 Url=https://musicbrainz.org/ws/2/release-group?query=releasegroup%3A%22Homework%22+AND+artist%3A%22Daft+Punk%22&fmt=json&limit=10
2026-01-19 19:23:28,743 - INFO - Adapter=MusicBrainzAdapter Action=GET Status=cache-miss Url=https://musicbrainz.org/ws/2/release-group/0b750e65-9cd7-452e-82c2-38724da80c09?fmt=json
2026-01-19 19:23:29,190 - INFO - Adapter=MusicBrainzAdapter Action=GET Status=404 Url=https://musicbrainz.org/ws/2/release-group/0b750e65-9cd7-452e-82c2-38724da80c09?fmt=json
2026-01-19 19:23:29,191 - INFO - Adapter=MusicBrainzAdapter Action=GET Status=cache-hit:200 Url=https://musicbrainz.org/ws/2/release/0b750e65-9cd7-452e-82c2-38724da80c09?fmt=json
2026-01-19 19:23:29,192 - INFO - Adapter=MusicBrainzAdapter Action=GET Status=cache-hit:200 Url=https://musicbrainz.org/ws/2/release-group?query=releasegroup%3A%22Ocean+Eyes%22+AND+artist%3A%22Owl+City%22&fmt=json&limit=10
2026-01-19 19:23:29,195 - INFO - Adapter=MusicBrainzAdapter Action=GET Status=cache-miss Url=https://musicbrainz.org/ws/2/release-group/0cd3b3c3-c408-3f2f-bfb7-96ca426b98a0?fmt=json
2026-01-19 19:23:30,173 - INFO - Adapter=MusicBrainzAdapter Action=GET Status=404 Url=https://musicbrainz.org/ws/2/release-group/0cd3b3c3-c408-3f2f-bfb7-96ca426b98a0?fmt=json
2026-01-19 19:23:30,173 - INFO - Adapter=MusicBrainzAdapter Action=GET Status=cache-hit:200 Url=https://musicbrainz.org/ws/2/release/0cd3b3c3-c408-3f2f-bfb7-96ca426b98a0?fmt=json
2026-01-19 19:23:30,174 - INFO - Adapter=MusicBrainzAdapter Action=GET Status=cache-hit:200 Url=https://musicbrainz.org/ws/2/release-group?query=releasegroup%3A%22Walking+on+a+Dream%22+AND+artist%3A%22Empire+of+the+Sun%22&fmt=json&limit=10
2026-01-19 19:23:30,178 - INFO - Adapter=MusicBrainzAdapter Action=GET Status=cache-miss Url=https://musicbrainz.org/ws/2/release-group/005f0c9a-05fe-37d6-b3f9-44440968b17f?fmt=json
2026-01-19 19:23:31,182 - INFO - Adapter=MusicBrainzAdapter Action=GET Status=404 Url=https://musicbrainz.org/ws/2/release-group/005f0c9a-05fe-37d6-b3f9-44440968b17f?fmt=json
2026-01-19 19:23:31,183 - INFO - Adapter=MusicBrainzAdapter Action=GET Status=cache-hit:200 Url=https://musicbrainz.org/ws/2/release/005f0c9a-05fe-37d6-b3f9-44440968b17f?fmt=json
2026-01-19 19:23:31,183 - INFO - Adapter=MusicBrainzAdapter Action=GET Status=cache-hit:200 Url=https://musicbrainz.org/ws/2/release-group?query=releasegroup%3A%22The+Eraser%22+AND+artist%3A%22Thom+Yorke%22&fmt=json&limit=10
2026-01-19 19:23:31,187 - INFO - Adapter=MusicBrainzAdapter Action=GET Status=cache-miss Url=https://musicbrainz.org/ws/2/release-group/16ca684d-53bc-4777-8129-6f779bf26ac9?fmt=json
2026-01-19 19:23:32,174 - INFO - Adapter=MusicBrainzAdapter Action=GET Status=404 Url=https://musicbrainz.org/ws/2/release-group/16ca684d-53bc-4777-8129-6f779bf26ac9?fmt=json
2026-01-19 19:23:32,174 - INFO - Adapter=MusicBrainzAdapter Action=GET Status=cache-hit:200 Url=https://musicbrainz.org/ws/2/release/16ca684d-53bc-4777-8129-6f779bf26ac9?fmt=json
2026-01-19 19:23:32,174 - INFO - Adapter=MusicBrainzAdapter Action=GET Status=cache-hit:200 Url=https://musicbrainz.org/ws/2/release-group?query=releasegroup%3A%22Richard+D.+James+Album%22+AND+artist%3A%22Aphex+Twin%22&fmt=json&limit=10
2026-01-19 19:23:32,177 - INFO - Adapter=MusicBrainzAdapter Action=GET Status=cache-miss Url=https://musicbrainz.org/ws/2/release-group/064fa38d-810d-4a8a-a6a4-55d6fd1da34b?fmt=json
2026-01-19 19:23:33,172 - INFO - Adapter=MusicBrainzAdapter Action=GET Status=404 Url=https://musicbrainz.org/ws/2/release-group/064fa38d-810d-4a8a-a6a4-55d6fd1da34b?fmt=json
2026-01-19 19:23:33,173 - INFO - Adapter=MusicBrainzAdapter Action=GET Status=cache-hit:200 Url=https://musicbrainz.org/ws/2/release/064fa38d-810d-4a8a-a6a4-55d6fd1da34b?fmt=json
2026-01-19 19:23:33,173 - INFO - Adapter=MusicBrainzAdapter Action=GET Status=cache-hit:200 Url=https://musicbrainz.org/ws/2/release-group?query=releasegroup%3A%22Third%22+AND+artist%3A%22Portishead%22&fmt=json&limit=10
2026-01-19 19:23:33,177 - INFO - Adapter=MusicBrainzAdapter Action=GET Status=cache-miss Url=https://musicbrainz.org/ws/2/release-group/348662a8-54ce-4d14-adf5-3ce2cefd57bb?fmt=json
2026-01-19 19:23:34,172 - INFO - Adapter=MusicBrainzAdapter Action=GET Status=404 Url=https://musicbrainz.org/ws/2/release-group/348662a8-54ce-4d14-adf5-3ce2cefd57bb?fmt=json
2026-01-19 19:23:34,172 - INFO - Adapter=MusicBrainzAdapter Action=GET Status=cache-hit:200 Url=https://musicbrainz.org/ws/2/release/348662a8-54ce-4d14-adf5-3ce2cefd57bb?fmt=json
2026-01-19 19:23:34,172 - INFO - Adapter=MusicBrainzAdapter Action=GET Status=cache-hit:200 Url=https://musicbrainz.org/ws/2/release-group?query=releasegroup%3A%22Racine+carr%C3%A9e%22+AND+artist%3A%22Stromae%22&fmt=json&limit=10
2026-01-19 19:23:34,175 - INFO - Adapter=MusicBrainzAdapter Action=GET Status=cache-miss Url=https://musicbrainz.org/ws/2/release-group/099ff30d-6b67-4ce6-a26e-672a29ddc1fd?fmt=json
2026-01-19 19:23:35,181 - INFO - Adapter=MusicBrainzAdapter Action=GET Status=404 Url=https://musicbrainz.org/ws/2/release-group/099ff30d-6b67-4ce6-a26e-672a29ddc1fd?fmt=json
2026-01-19 19:23:35,182 - INFO - Adapter=MusicBrainzAdapter Action=GET Status=cache-hit:200 Url=https://musicbrainz.org/ws/2/release/099ff30d-6b67-4ce6-a26e-672a29ddc1fd?fmt=json
2026-01-19 19:23:35,182 - INFO - Adapter=MusicBrainzAdapter Action=GET Status=cache-hit:200 Url=https://musicbrainz.org/ws/2/release-group?query=releasegroup%3A%22Melody+A.M.%22+AND+artist%3A%22R%C3%B6yksopp%22&fmt=json&limit=10
2026-01-19 19:23:35,184 - INFO - Adapter=MusicBrainzAdapter Action=GET Status=cache-miss Url=https://musicbrainz.org/ws/2/release-group/561ef915-9383-40ec-9baf-f9c55d1ddf72?fmt=json
2026-01-19 19:23:36,281 - INFO - Adapter=MusicBrainzAdapter Action=GET Status=404 Url=https://musicbrainz.org/ws/2/release-group/561ef915-9383-40ec-9baf-f9c55d1ddf72?fmt=json
2026-01-19 19:23:36,281 - INFO - Adapter=MusicBrainzAdapter Action=GET Status=cache-hit:200 Url=https://musicbrainz.org/ws/2/release/561ef915-9383-40ec-9baf-f9c55d1ddf72?fmt=json
2026-01-19 19:23:36,281 - INFO - Adapter=MusicBrainzAdapter Action=GET Status=cache-hit:200 Url=https://musicbrainz.org/ws/2/release-group?query=releasegroup%3A%22Neveroddoreven%22+AND+artist%3A%22I+Monster%22&fmt=json&limit=10
2026-01-19 19:23:36,284 - INFO - Adapter=MusicBrainzAdapter Action=GET Status=cache-miss Url=https://musicbrainz.org/ws/2/release-group/4c54ee58-86df-3ba5-aaad-6b284293141b?fmt=json
2026-01-19 19:23:37,328 - INFO - Adapter=MusicBrainzAdapter Action=GET Status=404 Url=https://musicbrainz.org/ws/2/release-group/4c54ee58-86df-3ba5-aaad-6b284293141b?fmt=json
2026-01-19 19:23:37,328 - INFO - Adapter=MusicBrainzAdapter Action=GET Status=cache-hit:200 Url=https://musicbrainz.org/ws/2/release/4c54ee58-86df-3ba5-aaad-6b284293141b?fmt=json
2026-01-19 19:23:37,329 - INFO - Adapter=MusicBrainzAdapter Action=GET Status=cache-hit:200 Url=https://musicbrainz.org/ws/2/release-group?query=releasegroup%3A%22TRON%3A+Legacy%22+AND+artist%3A%22Daft+Punk%22&fmt=json&limit=10
2026-01-19 19:23:37,330 - INFO - Adapter=MusicBrainzAdapter Action=GET Status=cache-hit:200 Url=https://musicbrainz.org/ws/2/release-group?query=releasegroup%3A%22Cross%22+AND+artist%3A%22Justice%22&fmt=json&limit=10
2026-01-19 19:23:37,331 - INFO - Adapter=MusicBrainzAdapter Action=GET Status=cache-hit:200 Url=https://musicbrainz.org/ws/2/release-group?query=releasegroup%3A%22Cross%22+AND+artist%3A%22Justice%22&fmt=json&limit=10
2026-01-19 19:23:37,332 - INFO - Adapter=MusicBrainzAdapter Action=GET Status=cache-hit:200 Url=https://musicbrainz.org/ws/2/release-group?query=releasegroup%3ACross+AND+artist%3AJustice&fmt=json&limit=10
2026-01-19 19:23:37,332 - INFO - Adapter=MusicBrainzAdapter Action=GET Status=cache-hit:200 Url=https://musicbrainz.org/ws/2/release-group?query=releasegroup%3ACross&fmt=json&limit=10
2026-01-19 19:23:37,336 - INFO - Adapter=MusicBrainzAdapter Action=GET Status=cache-miss Url=https://musicbrainz.org/ws/2/release-group/06a313ba-a888-31f6-8092-f49398667ef8?fmt=json
2026-01-19 19:23:38,179 - INFO - Adapter=MusicBrainzAdapter Action=GET Status=404 Url=https://musicbrainz.org/ws/2/release-group/06a313ba-a888-31f6-8092-f49398667ef8?fmt=json
2026-01-19 19:23:38,180 - INFO - Adapter=MusicBrainzAdapter Action=GET Status=cache-hit:200 Url=https://musicbrainz.org/ws/2/release/06a313ba-a888-31f6-8092-f49398667ef8?fmt=json
2026-01-19 19:23:38,180 - INFO - Adapter=MusicBrainzAdapter Action=GET Status=cache-hit:200 Url=https://musicbrainz.org/ws/2/release-group?query=releasegroup%3A%22Deep+Cuts%22+AND+artist%3A%22The+Knife%22&fmt=json&limit=10
2026-01-19 19:23:38,182 - INFO - Adapter=MusicBrainzAdapter Action=GET Status=cache-miss Url=https://musicbrainz.org/ws/2/release-group/136434d5-9ddf-4c62-8dcc-021ead11fe0c?fmt=json
2026-01-19 19:23:39,192 - INFO - Adapter=MusicBrainzAdapter Action=GET Status=404 Url=https://musicbrainz.org/ws/2/release-group/136434d5-9ddf-4c62-8dcc-021ead11fe0c?fmt=json
2026-01-19 19:23:39,193 - INFO - Adapter=MusicBrainzAdapter Action=GET Status=cache-hit:200 Url=https://musicbrainz.org/ws/2/release/136434d5-9ddf-4c62-8dcc-021ead11fe0c?fmt=json
2026-01-19 19:23:39,193 - INFO - Adapter=MusicBrainzAdapter Action=GET Status=cache-hit:200 Url=https://musicbrainz.org/ws/2/release-group?query=releasegroup%3A%22Blurryface%22+AND+artist%3A%22Twenty+One+Pilots%22&fmt=json&limit=10
2026-01-19 19:23:39,195 - INFO - Adapter=MusicBrainzAdapter Action=GET Status=cache-miss Url=https://musicbrainz.org/ws/2/release-group/2a92ad7e-c570-461e-8c15-effc66ee3a32?fmt=json
2026-01-19 19:23:40,258 - INFO - Adapter=MusicBrainzAdapter Action=GET Status=404 Url=https://musicbrainz.org/ws/2/release-group/2a92ad7e-c570-461e-8c15-effc66ee3a32?fmt=json
2026-01-19 19:23:40,260 - INFO - Adapter=MusicBrainzAdapter Action=GET Status=cache-hit:200 Url=https://musicbrainz.org/ws/2/release/2a92ad7e-c570-461e-8c15-effc66ee3a32?fmt=json
2026-01-19 19:23:40,261 - INFO - Adapter=MusicBrainzAdapter Action=GET Status=cache-hit:200 Url=https://musicbrainz.org/ws/2/release-group?query=releasegroup%3A%22Regional+at+Best%22+AND+artist%3A%22Twenty+One+Pilots%22&fmt=json&limit=10
2026-01-19 19:23:40,264 - INFO - Adapter=MusicBrainzAdapter Action=GET Status=cache-miss Url=https://musicbrainz.org/ws/2/release-group/0c8adc4a-8bee-4245-b948-f396b3548c42?fmt=json
2026-01-19 19:23:41,260 - INFO - Adapter=MusicBrainzAdapter Action=GET Status=404 Url=https://musicbrainz.org/ws/2/release-group/0c8adc4a-8bee-4245-b948-f396b3548c42?fmt=json
2026-01-19 19:23:41,261 - INFO - Adapter=MusicBrainzAdapter Action=GET Status=cache-hit:200 Url=https://musicbrainz.org/ws/2/release/0c8adc4a-8bee-4245-b948-f396b3548c42?fmt=json
2026-01-19 19:23:41,261 - INFO - Adapter=MusicBrainzAdapter Action=GET Status=cache-hit:200 Url=https://musicbrainz.org/ws/2/release-group?query=releasegroup%3A%22Fancy+Footwork%22+AND+artist%3A%22Chromeo%22&fmt=json&limit=10
2026-01-19 19:23:41,263 - INFO - Adapter=MusicBrainzAdapter Action=GET Status=cache-miss Url=https://musicbrainz.org/ws/2/release-group/8c79a4ef-9bf3-4ee1-8e60-5f337a90e07b?fmt=json
2026-01-19 19:23:42,191 - INFO - Adapter=MusicBrainzAdapter Action=GET Status=404 Url=https://musicbrainz.org/ws/2/release-group/8c79a4ef-9bf3-4ee1-8e60-5f337a90e07b?fmt=json
2026-01-19 19:23:42,192 - INFO - Adapter=MusicBrainzAdapter Action=GET Status=cache-hit:200 Url=https://musicbrainz.org/ws/2/release/8c79a4ef-9bf3-4ee1-8e60-5f337a90e07b?fmt=json
2026-01-19 19:23:42,194 - INFO - Adapter=MusicBrainzAdapter Action=GET Status=cache-hit:200 Url=https://musicbrainz.org/ws/2/release-group?query=releasegroup%3A%22Hell+Is+What+You+Make+It%22+AND+artist%3A%22Breathe+Carolina%22&fmt=json&limit=10
2026-01-19 19:23:42,197 - INFO - Adapter=MusicBrainzAdapter Action=GET Status=cache-miss Url=https://musicbrainz.org/ws/2/release-group/468c50a9-8899-4ec7-8b68-46ec652b35eb?fmt=json
2026-01-19 19:23:43,220 - INFO - Adapter=MusicBrainzAdapter Action=GET Status=404 Url=https://musicbrainz.org/ws/2/release-group/468c50a9-8899-4ec7-8b68-46ec652b35eb?fmt=json
2026-01-19 19:23:43,223 - INFO - Adapter=MusicBrainzAdapter Action=GET Status=cache-hit:200 Url=https://musicbrainz.org/ws/2/release/468c50a9-8899-4ec7-8b68-46ec652b35eb?fmt=json
2026-01-19 19:23:43,223 - INFO - Adapter=MusicBrainzAdapter Action=GET Status=cache-hit:200 Url=https://musicbrainz.org/ws/2/release-group?query=releasegroup%3A%22I+Created+Disco%22+AND+artist%3A%22Calvin+Harris%22&fmt=json&limit=10
2026-01-19 19:23:43,226 - INFO - Adapter=MusicBrainzAdapter Action=GET Status=cache-miss Url=https://musicbrainz.org/ws/2/release-group/5505f51b-7b24-43f1-858d-07f53a7bb9f9?fmt=json
2026-01-19 19:23:44,247 - INFO - Adapter=MusicBrainzAdapter Action=GET Status=404 Url=https://musicbrainz.org/ws/2/release-group/5505f51b-7b24-43f1-858d-07f53a7bb9f9?fmt=json
2026-01-19 19:23:44,248 - INFO - Adapter=MusicBrainzAdapter Action=GET Status=cache-hit:200 Url=https://musicbrainz.org/ws/2/release/5505f51b-7b24-43f1-858d-07f53a7bb9f9?fmt=json
2026-01-19 19:23:44,248 - INFO - Adapter=MusicBrainzAdapter Action=GET Status=cache-hit:200 Url=https://musicbrainz.org/ws/2/release-group?query=releasegroup%3A%22Wonderland%22+AND+artist%3A%22Pogo%22&fmt=json&limit=10
2026-01-19 19:23:44,248 - INFO - Adapter=MusicBrainzAdapter Action=GET Status=cache-hit:200 Url=https://musicbrainz.org/ws/2/release-group?query=releasegroup%3A%22Wonderland%22+AND+artist%3A%22Pogo%22&fmt=json&limit=10
2026-01-19 19:23:44,248 - INFO - Adapter=MusicBrainzAdapter Action=GET Status=cache-hit:200 Url=https://musicbrainz.org/ws/2/release-group?query=releasegroup%3AWonderland+AND+artist%3APogo&fmt=json&limit=10
2026-01-19 19:23:44,248 - INFO - Adapter=MusicBrainzAdapter Action=GET Status=cache-hit:200 Url=https://musicbrainz.org/ws/2/release-group?query=releasegroup%3AWonderland&fmt=json&limit=10
2026-01-19 19:23:44,249 - INFO - Adapter=MusicBrainzAdapter Action=GET Status=cache-hit:200 Url=https://musicbrainz.org/ws/2/release-group?query=releasegroup%3A%22Symbols%22+AND+artist%3A%22KMFDM%22&fmt=json&limit=10
2026-01-19 19:23:44,251 - INFO - Adapter=MusicBrainzAdapter Action=GET Status=cache-miss Url=https://musicbrainz.org/ws/2/release-group/0fa577fe-70e5-4282-b3b8-89e26811386a?fmt=json
2026-01-19 19:23:45,206 - INFO - Adapter=MusicBrainzAdapter Action=GET Status=404 Url=https://musicbrainz.org/ws/2/release-group/0fa577fe-70e5-4282-b3b8-89e26811386a?fmt=json
2026-01-19 19:23:45,207 - INFO - Adapter=MusicBrainzAdapter Action=GET Status=cache-hit:200 Url=https://musicbrainz.org/ws/2/release/0fa577fe-70e5-4282-b3b8-89e26811386a?fmt=json
2026-01-19 19:23:45,208 - INFO - Adapter=MusicBrainzAdapter Action=GET Status=cache-hit:200 Url=https://musicbrainz.org/ws/2/release-group?query=releasegroup%3A%22PRODUCT%22+AND+artist%3A%22Sophie%22&fmt=json&limit=10
2026-01-19 19:23:45,210 - INFO - Adapter=MusicBrainzAdapter Action=GET Status=cache-miss Url=https://musicbrainz.org/ws/2/release-group/1cfa5f86-f0a5-4af5-adaa-477f0570c554?fmt=json
2026-01-19 19:23:46,230 - INFO - Adapter=MusicBrainzAdapter Action=GET Status=404 Url=https://musicbrainz.org/ws/2/release-group/1cfa5f86-f0a5-4af5-adaa-477f0570c554?fmt=json
2026-01-19 19:23:46,231 - INFO - Adapter=MusicBrainzAdapter Action=GET Status=cache-hit:200 Url=https://musicbrainz.org/ws/2/release/1cfa5f86-f0a5-4af5-adaa-477f0570c554?fmt=json
2026-01-19 19:23:46,231 - INFO - Adapter=MusicBrainzAdapter Action=GET Status=cache-hit:200 Url=https://musicbrainz.org/ws/2/release-group?query=releasegroup%3A%22Era+Extra%C3%B1a%22+AND+artist%3A%22Neon+Indian%22&fmt=json&limit=10
2026-01-19 19:23:46,234 - INFO - Adapter=MusicBrainzAdapter Action=GET Status=cache-miss Url=https://musicbrainz.org/ws/2/release-group/12b93d10-c4fd-3058-830b-ae2c19145ab7?fmt=json
2026-01-19 19:23:47,294 - INFO - Adapter=MusicBrainzAdapter Action=GET Status=404 Url=https://musicbrainz.org/ws/2/release-group/12b93d10-c4fd-3058-830b-ae2c19145ab7?fmt=json
2026-01-19 19:23:47,294 - INFO - Adapter=MusicBrainzAdapter Action=GET Status=cache-hit:200 Url=https://musicbrainz.org/ws/2/release/12b93d10-c4fd-3058-830b-ae2c19145ab7?fmt=json
2026-01-19 19:23:47,295 - INFO - Adapter=MusicBrainzAdapter Action=GET Status=cache-hit:200 Url=https://musicbrainz.org/ws/2/release-group?query=releasegroup%3A%22Manners%22+AND+artist%3A%22Passion+Pit%22&fmt=json&limit=10
2026-01-19 19:23:47,298 - INFO - Adapter=MusicBrainzAdapter Action=GET Status=cache-miss Url=https://musicbrainz.org/ws/2/release-group/178a1607-07c0-4b90-9ec1-8baad7b0b651?fmt=json
2026-01-19 19:23:48,218 - INFO - Adapter=MusicBrainzAdapter Action=GET Status=404 Url=https://musicbrainz.org/ws/2/release-group/178a1607-07c0-4b90-9ec1-8baad7b0b651?fmt=json
2026-01-19 19:23:48,218 - INFO - Adapter=MusicBrainzAdapter Action=GET Status=cache-hit:200 Url=https://musicbrainz.org/ws/2/release/178a1607-07c0-4b90-9ec1-8baad7b0b651?fmt=json
2026-01-19 19:23:48,218 - INFO - Adapter=MusicBrainzAdapter Action=GET Status=cache-hit:200 Url=https://musicbrainz.org/ws/2/release-group?query=releasegroup%3A%22Selected+Ambient+Works+Volume+II%22+AND+artist%3A%22Aphex+Twin%22&fmt=json&limit=10
2026-01-19 19:23:48,221 - INFO - Adapter=MusicBrainzAdapter Action=GET Status=cache-miss Url=https://musicbrainz.org/ws/2/release-group/0672119e-e919-320d-be20-b47388891d93?fmt=json
2026-01-19 19:23:49,199 - INFO - Adapter=MusicBrainzAdapter Action=GET Status=404 Url=https://musicbrainz.org/ws/2/release-group/0672119e-e919-320d-be20-b47388891d93?fmt=json
2026-01-19 19:23:49,199 - INFO - Adapter=MusicBrainzAdapter Action=GET Status=cache-hit:200 Url=https://musicbrainz.org/ws/2/release/0672119e-e919-320d-be20-b47388891d93?fmt=json
2026-01-19 19:23:49,200 - INFO - Adapter=MusicBrainzAdapter Action=GET Status=cache-hit:200 Url=https://musicbrainz.org/ws/2/release-group?query=releasegroup%3A%22Fever+Ray%22+AND+artist%3A%22Fever+Ray%22&fmt=json&limit=10
2026-01-19 19:23:49,203 - INFO - Adapter=MusicBrainzAdapter Action=GET Status=cache-miss Url=https://musicbrainz.org/ws/2/release-group/07b43835-e15a-4887-96f8-fc71c262929e?fmt=json
2026-01-19 19:23:50,205 - INFO - Adapter=MusicBrainzAdapter Action=GET Status=404 Url=https://musicbrainz.org/ws/2/release-group/07b43835-e15a-4887-96f8-fc71c262929e?fmt=json
2026-01-19 19:23:50,206 - INFO - Adapter=MusicBrainzAdapter Action=GET Status=cache-hit:200 Url=https://musicbrainz.org/ws/2/release/07b43835-e15a-4887-96f8-fc71c262929e?fmt=json
2026-01-19 19:23:50,207 - INFO - Adapter=MusicBrainzAdapter Action=GET Status=cache-hit:200 Url=https://musicbrainz.org/ws/2/release-group?query=releasegroup%3A%22In+Silico%22+AND+artist%3A%22Pendulum%22&fmt=json&limit=10
2026-01-19 19:23:50,209 - INFO - Adapter=MusicBrainzAdapter Action=GET Status=cache-miss Url=https://musicbrainz.org/ws/2/release-group/05142b87-6f1b-4219-9576-6bfe57aa3d19?fmt=json
2026-01-19 19:23:51,225 - INFO - Adapter=MusicBrainzAdapter Action=GET Status=404 Url=https://musicbrainz.org/ws/2/release-group/05142b87-6f1b-4219-9576-6bfe57aa3d19?fmt=json
2026-01-19 19:23:51,225 - INFO - Adapter=MusicBrainzAdapter Action=GET Status=cache-hit:200 Url=https://musicbrainz.org/ws/2/release/05142b87-6f1b-4219-9576-6bfe57aa3d19?fmt=json
2026-01-19 19:23:51,227 - INFO - Adapter=MusicBrainzAdapter Action=GET Status=cache-hit:200 Url=https://musicbrainz.org/ws/2/release-group?query=releasegroup%3A%22Goodbye+Country+%28Hello+Nightclub%29%22+AND+artist%3A%22Groove+Armada%22&fmt=json&limit=10
2026-01-19 19:23:51,227 - INFO - Adapter=MusicBrainzAdapter Action=GET Status=cache-hit:200 Url=https://musicbrainz.org/ws/2/release-group?query=releasegroup%3A%22Goodbye+Country%22+AND+artist%3A%22Groove+Armada%22&fmt=json&limit=10
2026-01-19 19:23:51,228 - INFO - Adapter=MusicBrainzAdapter Action=GET Status=cache-hit:200 Url=https://musicbrainz.org/ws/2/release-group?query=releasegroup%3AGoodbye+Country+AND+artist%3AGroove+Armada&fmt=json&limit=10
2026-01-19 19:23:51,228 - INFO - Adapter=MusicBrainzAdapter Action=GET Status=cache-hit:200 Url=https://musicbrainz.org/ws/2/release-group?query=releasegroup%3AGoodbye+Country&fmt=json&limit=10
2026-01-19 19:23:51,231 - INFO - Adapter=MusicBrainzAdapter Action=GET Status=cache-miss Url=https://musicbrainz.org/ws/2/release-group/197e3908-8c27-4d48-91f0-b4ebd0590dca?fmt=json
2026-01-19 19:23:52,208 - INFO - Adapter=MusicBrainzAdapter Action=GET Status=404 Url=https://musicbrainz.org/ws/2/release-group/197e3908-8c27-4d48-91f0-b4ebd0590dca?fmt=json
2026-01-19 19:23:52,209 - INFO - Adapter=MusicBrainzAdapter Action=GET Status=cache-hit:200 Url=https://musicbrainz.org/ws/2/release/197e3908-8c27-4d48-91f0-b4ebd0590dca?fmt=json
2026-01-19 19:23:52,210 - INFO - Adapter=MusicBrainzAdapter Action=GET Status=cache-hit:200 Url=https://musicbrainz.org/ws/2/release-group?query=releasegroup%3A%22Vicious+Delicious%22+AND+artist%3A%22Infected+Mushroom%22&fmt=json&limit=10
2026-01-19 19:23:52,213 - INFO - Adapter=MusicBrainzAdapter Action=GET Status=cache-miss Url=https://musicbrainz.org/ws/2/release-group/0ae16051-e092-3919-ba51-976dfc027cc0?fmt=json
2026-01-19 19:23:53,205 - INFO - Adapter=MusicBrainzAdapter Action=GET Status=404 Url=https://musicbrainz.org/ws/2/release-group/0ae16051-e092-3919-ba51-976dfc027cc0?fmt=json
2026-01-19 19:23:53,205 - INFO - Adapter=MusicBrainzAdapter Action=GET Status=cache-hit:200 Url=https://musicbrainz.org/ws/2/release/0ae16051-e092-3919-ba51-976dfc027cc0?fmt=json
2026-01-19 19:23:53,206 - INFO - Adapter=MusicBrainzAdapter Action=GET Status=cache-hit:200 Url=https://musicbrainz.org/ws/2/release-group?query=releasegroup%3A%22Since+I+Left+You%22+AND+artist%3A%22The+Avalanches%22&fmt=json&limit=10
2026-01-19 19:23:53,210 - INFO - Adapter=MusicBrainzAdapter Action=GET Status=cache-miss Url=https://musicbrainz.org/ws/2/release-group/0a4d86ee-5d16-4dfc-a4c0-60de165c0d60?fmt=json
2026-01-19 19:23:54,205 - INFO - Adapter=MusicBrainzAdapter Action=GET Status=404 Url=https://musicbrainz.org/ws/2/release-group/0a4d86ee-5d16-4dfc-a4c0-60de165c0d60?fmt=json
2026-01-19 19:23:54,205 - INFO - Adapter=MusicBrainzAdapter Action=GET Status=cache-hit:200 Url=https://musicbrainz.org/ws/2/release/0a4d86ee-5d16-4dfc-a4c0-60de165c0d60?fmt=json
2026-01-19 19:23:54,206 - INFO - Adapter=MusicBrainzAdapter Action=GET Status=cache-hit:200 Url=https://musicbrainz.org/ws/2/release-group?query=releasegroup%3A%22Syro%22+AND+artist%3A%22Aphex+Twin%22&fmt=json&limit=10
2026-01-19 19:23:54,208 - INFO - Adapter=MusicBrainzAdapter Action=GET Status=cache-miss Url=https://musicbrainz.org/ws/2/release-group/036aab13-b548-31a6-991b-42ebdc3165ff?fmt=json
2026-01-19 19:23:55,200 - INFO - Adapter=MusicBrainzAdapter Action=GET Status=404 Url=https://musicbrainz.org/ws/2/release-group/036aab13-b548-31a6-991b-42ebdc3165ff?fmt=json
2026-01-19 19:23:55,200 - INFO - Adapter=MusicBrainzAdapter Action=GET Status=cache-hit:200 Url=https://musicbrainz.org/ws/2/release/036aab13-b548-31a6-991b-42ebdc3165ff?fmt=json
2026-01-19 19:23:55,201 - INFO - Adapter=MusicBrainzAdapter Action=GET Status=cache-hit:200 Url=https://musicbrainz.org/ws/2/release-group?query=releasegroup%3A%22Silent+Shout%22+AND+artist%3A%22The+Knife%22&fmt=json&limit=10
2026-01-19 19:23:55,206 - INFO - Adapter=CoverArtArchiveAdapter Action=GET Status=cache-miss Url=https://coverartarchive.org/release-group/00054665-89fa-33d5-a8f0-1728ea8c32c3
2026-01-19 19:23:57,988 - INFO - Adapter=CoverArtArchiveAdapter Action=GET Status=200 Url=https://coverartarchive.org/release-group/00054665-89fa-33d5-a8f0-1728ea8c32c3
2026-01-19 19:23:57,990 - INFO - Adapter=CoverArtArchiveAdapter Action=GET Status=cache-miss Url=https://coverartarchive.org/release-group/84d79dbe-7ac1-3ebc-9b36-238ddfb8229c
2026-01-19 19:23:59,579 - INFO - Adapter=CoverArtArchiveAdapter Action=GET Status=200 Url=https://coverartarchive.org/release-group/84d79dbe-7ac1-3ebc-9b36-238ddfb8229c
2026-01-19 19:23:59,579 - INFO - Adapter=CoverArtArchiveAdapter Action=GET Status=cache-miss Url=https://coverartarchive.org/release-group/6fa35df1-a08e-42f5-aeb2-ae590ba9fd6b
2026-01-19 19:24:01,222 - INFO - Adapter=CoverArtArchiveAdapter Action=GET Status=200 Url=https://coverartarchive.org/release-group/6fa35df1-a08e-42f5-aeb2-ae590ba9fd6b
2026-01-19 19:30:32,072 - INFO - Adapter=LastfmAdapter Action=GET Status=cache-hit:200 Url=https://ws.audioscrobbler.com/2.0/?method=tag.getTopAlbums&tag=electronic&limit=30&page=1&api_key=%2A%2A%2A&format=json
2026-01-19 19:30:32,072 - INFO - Adapter=MusicBrainzAdapter Action=GET Status=cache-hit:404 Url=https://musicbrainz.org/ws/2/release-group/2fdcc2d7-50b9-4b27-8262-8cf9e31aaa4d?fmt=json
2026-01-19 19:30:32,072 - INFO - Adapter=MusicBrainzAdapter Action=GET Status=cache-hit:200 Url=https://musicbrainz.org/ws/2/release/2fdcc2d7-50b9-4b27-8262-8cf9e31aaa4d?fmt=json
2026-01-19 19:30:32,074 - INFO - Adapter=MusicBrainzAdapter Action=GET Status=cache-hit:200 Url=https://musicbrainz.org/ws/2/release-group?query=releasegroup%3A%22Homework%22+AND+artist%3A%22Daft+Punk%22&fmt=json&limit=10
2026-01-19 19:30:32,075 - INFO - Adapter=MusicBrainzAdapter Action=GET Status=cache-hit:404 Url=https://musicbrainz.org/ws/2/release-group/0b750e65-9cd7-452e-82c2-38724da80c09?fmt=json
2026-01-19 19:30:32,075 - INFO - Adapter=MusicBrainzAdapter Action=GET Status=cache-hit:200 Url=https://musicbrainz.org/ws/2/release/0b750e65-9cd7-452e-82c2-38724da80c09?fmt=json
2026-01-19 19:30:32,075 - INFO - Adapter=MusicBrainzAdapter Action=GET Status=cache-hit:200 Url=https://musicbrainz.org/ws/2/release-group?query=releasegroup%3A%22Ocean+Eyes%22+AND+artist%3A%22Owl+City%22&fmt=json&limit=10
2026-01-19 19:30:32,075 - INFO - Adapter=MusicBrainzAdapter Action=GET Status=cache-hit:404 Url=https://musicbrainz.org/ws/2/release-group/0cd3b3c3-c408-3f2f-bfb7-96ca426b98a0?fmt=json
2026-01-19 19:30:32,075 - INFO - Adapter=MusicBrainzAdapter Action=GET Status=cache-hit:200 Url=https://musicbrainz.org/ws/2/release/0cd3b3c3-c408-3f2f-bfb7-96ca426b98a0?fmt=json
2026-01-19 19:30:32,075 - INFO - Adapter=MusicBrainzAdapter Action=GET Status=cache-hit:200 Url=https://musicbrainz.org/ws/2/release-group?query=releasegroup%3A%22Walking+on+a+Dream%22+AND+artist%3A%22Empire+of+the+Sun%22&fmt=json&limit=10
2026-01-19 19:30:32,076 - INFO - Adapter=MusicBrainzAdapter Action=GET Status=cache-hit:404 Url=https://musicbrainz.org/ws/2/release-group/005f0c9a-05fe-37d6-b3f9-44440968b17f?fmt=json
2026-01-19 19:30:32,076 - INFO - Adapter=MusicBrainzAdapter Action=GET Status=cache-hit:200 Url=https://musicbrainz.org/ws/2/release/005f0c9a-05fe-37d6-b3f9-44440968b17f?fmt=json
2026-01-19 19:30:32,076 - INFO - Adapter=MusicBrainzAdapter Action=GET Status=cache-hit:200 Url=https://musicbrainz.org/ws/2/release-group?query=releasegroup%3A%22The+Eraser%22+AND+artist%3A%22Thom+Yorke%22&fmt=json&limit=10
2026-01-19 19:30:32,076 - INFO - Adapter=MusicBrainzAdapter Action=GET Status=cache-hit:404 Url=https://musicbrainz.org/ws/2/release-group/16ca684d-53bc-4777-8129-6f779bf26ac9?fmt=json
2026-01-19 19:30:32,076 - INFO - Adapter=MusicBrainzAdapter Action=GET Status=cache-hit:200 Url=https://musicbrainz.org/ws/2/release/16ca684d-53bc-4777-8129-6f779bf26ac9?fmt=json
2026-01-19 19:30:32,077 - INFO - Adapter=MusicBrainzAdapter Action=GET Status=cache-hit:200 Url=https://musicbrainz.org/ws/2/release-group?query=releasegroup%3A%22Richard+D.+James+Album%22+AND+artist%3A%22Aphex+Twin%22&fmt=json&limit=10
2026-01-19 19:30:32,077 - INFO - Adapter=MusicBrainzAdapter Action=GET Status=cache-hit:404 Url=https://musicbrainz.org/ws/2/release-group/064fa38d-810d-4a8a-a6a4-55d6fd1da34b?fmt=json
2026-01-19 19:30:32,077 - INFO - Adapter=MusicBrainzAdapter Action=GET Status=cache-hit:200 Url=https://musicbrainz.org/ws/2/release/064fa38d-810d-4a8a-a6a4-55d6fd1da34b?fmt=json
2026-01-19 19:30:32,077 - INFO - Adapter=MusicBrainzAdapter Action=GET Status=cache-hit:200 Url=https://musicbrainz.org/ws/2/release-group?query=releasegroup%3A%22Third%22+AND+artist%3A%22Portishead%22&fmt=json&limit=10
2026-01-19 19:30:32,077 - INFO - Adapter=MusicBrainzAdapter Action=GET Status=cache-hit:404 Url=https://musicbrainz.org/ws/2/release-group/348662a8-54ce-4d14-adf5-3ce2cefd57bb?fmt=json
2026-01-19 19:30:32,077 - INFO - Adapter=MusicBrainzAdapter Action=GET Status=cache-hit:200 Url=https://musicbrainz.org/ws/2/release/348662a8-54ce-4d14-adf5-3ce2cefd57bb?fmt=json
2026-01-19 19:30:32,077 - INFO - Adapter=MusicBrainzAdapter Action=GET Status=cache-hit:200 Url=https://musicbrainz.org/ws/2/release-group?query=releasegroup%3A%22Racine+carr%C3%A9e%22+AND+artist%3A%22Stromae%22&fmt=json&limit=10
2026-01-19 19:30:32,078 - INFO - Adapter=MusicBrainzAdapter Action=GET Status=cache-hit:404 Url=https://musicbrainz.org/ws/2/release-group/099ff30d-6b67-4ce6-a26e-672a29ddc1fd?fmt=json
2026-01-19 19:30:32,078 - INFO - Adapter=MusicBrainzAdapter Action=GET Status=cache-hit:200 Url=https://musicbrainz.org/ws/2/release/099ff30d-6b67-4ce6-a26e-672a29ddc1fd?fmt=json
2026-01-19 19:30:32,078 - INFO - Adapter=MusicBrainzAdapter Action=GET Status=cache-hit:200 Url=https://musicbrainz.org/ws/2/release-group?query=releasegroup%3A%22Melody+A.M.%22+AND+artist%3A%22R%C3%B6yksopp%22&fmt=json&limit=10
2026-01-19 19:30:32,078 - INFO - Adapter=MusicBrainzAdapter Action=GET Status=cache-hit:404 Url=https://musicbrainz.org/ws/2/release-group/561ef915-9383-40ec-9baf-f9c55d1ddf72?fmt=json
2026-01-19 19:30:32,078 - INFO - Adapter=MusicBrainzAdapter Action=GET Status=cache-hit:200 Url=https://musicbrainz.org/ws/2/release/561ef915-9383-40ec-9baf-f9c55d1ddf72?fmt=json
2026-01-19 19:30:32,078 - INFO - Adapter=MusicBrainzAdapter Action=GET Status=cache-hit:200 Url=https://musicbrainz.org/ws/2/release-group?query=releasegroup%3A%22Neveroddoreven%22+AND+artist%3A%22I+Monster%22&fmt=json&limit=10
2026-01-19 19:30:32,079 - INFO - Adapter=MusicBrainzAdapter Action=GET Status=cache-hit:404 Url=https://musicbrainz.org/ws/2/release-group/4c54ee58-86df-3ba5-aaad-6b284293141b?fmt=json
2026-01-19 19:30:32,079 - INFO - Adapter=MusicBrainzAdapter Action=GET Status=cache-hit:200 Url=https://musicbrainz.org/ws/2/release/4c54ee58-86df-3ba5-aaad-6b284293141b?fmt=json
2026-01-19 19:30:32,079 - INFO - Adapter=MusicBrainzAdapter Action=GET Status=cache-hit:200 Url=https://musicbrainz.org/ws/2/release-group?query=releasegroup%3A%22TRON%3A+Legacy%22+AND+artist%3A%22Daft+Punk%22&fmt=json&limit=10
2026-01-19 19:30:32,079 - INFO - Adapter=MusicBrainzAdapter Action=GET Status=cache-hit:200 Url=https://musicbrainz.org/ws/2/release-group?query=releasegroup%3A%22Cross%22+AND+artist%3A%22Justice%22&fmt=json&limit=10
2026-01-19 19:30:32,079 - INFO - Adapter=MusicBrainzAdapter Action=GET Status=cache-hit:200 Url=https://musicbrainz.org/ws/2/release-group?query=releasegroup%3A%22Cross%22+AND+artist%3A%22Justice%22&fmt=json&limit=10
2026-01-19 19:30:32,079 - INFO - Adapter=MusicBrainzAdapter Action=GET Status=cache-hit:200 Url=https://musicbrainz.org/ws/2/release-group?query=releasegroup%3ACross+AND+artist%3AJustice&fmt=json&limit=10
2026-01-19 19:30:32,080 - INFO - Adapter=MusicBrainzAdapter Action=GET Status=cache-hit:200 Url=https://musicbrainz.org/ws/2/release-group?query=releasegroup%3ACross&fmt=json&limit=10
2026-01-19 19:30:32,081 - INFO - Adapter=MusicBrainzAdapter Action=GET Status=cache-hit:404 Url=https://musicbrainz.org/ws/2/release-group/06a313ba-a888-31f6-8092-f49398667ef8?fmt=json
2026-01-19 19:30:32,081 - INFO - Adapter=MusicBrainzAdapter Action=GET Status=cache-hit:200 Url=https://musicbrainz.org/ws/2/release/06a313ba-a888-31f6-8092-f49398667ef8?fmt=json
2026-01-19 19:30:32,081 - INFO - Adapter=MusicBrainzAdapter Action=GET Status=cache-hit:200 Url=https://musicbrainz.org/ws/2/release-group?query=releasegroup%3A%22Deep+Cuts%22+AND+artist%3A%22The+Knife%22&fmt=json&limit=10
2026-01-19 19:30:32,081 - INFO - Adapter=MusicBrainzAdapter Action=GET Status=cache-hit:404 Url=https://musicbrainz.org/ws/2/release-group/136434d5-9ddf-4c62-8dcc-021ead11fe0c?fmt=json
2026-01-19 19:30:32,081 - INFO - Adapter=MusicBrainzAdapter Action=GET Status=cache-hit:200 Url=https://musicbrainz.org/ws/2/release/136434d5-9ddf-4c62-8dcc-021ead11fe0c?fmt=json
2026-01-19 19:30:32,081 - INFO - Adapter=MusicBrainzAdapter Action=GET Status=cache-hit:200 Url=https://musicbrainz.org/ws/2/release-group?query=releasegroup%3A%22Blurryface%22+AND+artist%3A%22Twenty+One+Pilots%22&fmt=json&limit=10
2026-01-19 19:30:32,082 - INFO - Adapter=MusicBrainzAdapter Action=GET Status=cache-hit:404 Url=https://musicbrainz.org/ws/2/release-group/2a92ad7e-c570-461e-8c15-effc66ee3a32?fmt=json
2026-01-19 19:30:32,082 - INFO - Adapter=MusicBrainzAdapter Action=GET Status=cache-hit:200 Url=https://musicbrainz.org/ws/2/release/2a92ad7e-c570-461e-8c15-effc66ee3a32?fmt=json
2026-01-19 19:30:32,082 - INFO - Adapter=MusicBrainzAdapter Action=GET Status=cache-hit:200 Url=https://musicbrainz.org/ws/2/release-group?query=releasegroup%3A%22Regional+at+Best%22+AND+artist%3A%22Twenty+One+Pilots%22&fmt=json&limit=10
2026-01-19 19:30:32,082 - INFO - Adapter=MusicBrainzAdapter Action=GET Status=cache-hit:404 Url=https://musicbrainz.org/ws/2/release-group/0c8adc4a-8bee-4245-b948-f396b3548c42?fmt=json
2026-01-19 19:30:32,082 - INFO - Adapter=MusicBrainzAdapter Action=GET Status=cache-hit:200 Url=https://musicbrainz.org/ws/2/release/0c8adc4a-8bee-4245-b948-f396b3548c42?fmt=json
2026-01-19 19:30:32,082 - INFO - Adapter=MusicBrainzAdapter Action=GET Status=cache-hit:200 Url=https://musicbrainz.org/ws/2/release-group?query=releasegroup%3A%22Fancy+Footwork%22+AND+artist%3A%22Chromeo%22&fmt=json&limit=10
2026-01-19 19:30:32,083 - INFO - Adapter=MusicBrainzAdapter Action=GET Status=cache-hit:404 Url=https://musicbrainz.org/ws/2/release-group/8c79a4ef-9bf3-4ee1-8e60-5f337a90e07b?fmt=json
2026-01-19 19:30:32,083 - INFO - Adapter=MusicBrainzAdapter Action=GET Status=cache-hit:200 Url=https://musicbrainz.org/ws/2/release/8c79a4ef-9bf3-4ee1-8e60-5f337a90e07b?fmt=json
2026-01-19 19:30:32,083 - INFO - Adapter=MusicBrainzAdapter Action=GET Status=cache-hit:200 Url=https://musicbrainz.org/ws/2/release-group?query=releasegroup%3A%22Hell+Is+What+You+Make+It%22+AND+artist%3A%22Breathe+Carolina%22&fmt=json&limit=10
2026-01-19 19:30:32,083 - INFO - Adapter=MusicBrainzAdapter Action=GET Status=cache-hit:404 Url=https://musicbrainz.org/ws/2/release-group/468c50a9-8899-4ec7-8b68-46ec652b35eb?fmt=json
2026-01-19 19:30:32,083 - INFO - Adapter=MusicBrainzAdapter Action=GET Status=cache-hit:200 Url=https://musicbrainz.org/ws/2/release/468c50a9-8899-4ec7-8b68-46ec652b35eb?fmt=json
2026-01-19 19:30:32,083 - INFO - Adapter=MusicBrainzAdapter Action=GET Status=cache-hit:200 Url=https://musicbrainz.org/ws/2/release-group?query=releasegroup%3A%22I+Created+Disco%22+AND+artist%3A%22Calvin+Harris%22&fmt=json&limit=10
2026-01-19 19:30:32,084 - INFO - Adapter=MusicBrainzAdapter Action=GET Status=cache-hit:404 Url=https://musicbrainz.org/ws/2/release-group/5505f51b-7b24-43f1-858d-07f53a7bb9f9?fmt=json
2026-01-19 19:30:32,084 - INFO - Adapter=MusicBrainzAdapter Action=GET Status=cache-hit:200 Url=https://musicbrainz.org/ws/2/release/5505f51b-7b24-43f1-858d-07f53a7bb9f9?fmt=json
2026-01-19 19:30:32,084 - INFO - Adapter=MusicBrainzAdapter Action=GET Status=cache-hit:200 Url=https://musicbrainz.org/ws/2/release-group?query=releasegroup%3A%22Wonderland%22+AND+artist%3A%22Pogo%22&fmt=json&limit=10
2026-01-19 19:30:32,084 - INFO - Adapter=MusicBrainzAdapter Action=GET Status=cache-hit:200 Url=https://musicbrainz.org/ws/2/release-group?query=releasegroup%3A%22Wonderland%22+AND+artist%3A%22Pogo%22&fmt=json&limit=10
2026-01-19 19:30:32,084 - INFO - Adapter=MusicBrainzAdapter Action=GET Status=cache-hit:200 Url=https://musicbrainz.org/ws/2/release-group?query=releasegroup%3AWonderland+AND+artist%3APogo&fmt=json&limit=10
2026-01-19 19:30:32,085 - INFO - Adapter=MusicBrainzAdapter Action=GET Status=cache-hit:200 Url=https://musicbrainz.org/ws/2/release-group?query=releasegroup%3AWonderland&fmt=json&limit=10
2026-01-19 19:30:32,085 - INFO - Adapter=MusicBrainzAdapter Action=GET Status=cache-hit:200 Url=https://musicbrainz.org/ws/2/release-group?query=releasegroup%3A%22Symbols%22+AND+artist%3A%22KMFDM%22&fmt=json&limit=10
2026-01-19 19:30:32,085 - INFO - Adapter=MusicBrainzAdapter Action=GET Status=cache-hit:404 Url=https://musicbrainz.org/ws/2/release-group/0fa577fe-70e5-4282-b3b8-89e26811386a?fmt=json
2026-01-19 19:30:32,085 - INFO - Adapter=MusicBrainzAdapter Action=GET Status=cache-hit:200 Url=https://musicbrainz.org/ws/2/release/0fa577fe-70e5-4282-b3b8-89e26811386a?fmt=json
2026-01-19 19:30:32,086 - INFO - Adapter=MusicBrainzAdapter Action=GET Status=cache-hit:200 Url=https://musicbrainz.org/ws/2/release-group?query=releasegroup%3A%22PRODUCT%22+AND+artist%3A%22Sophie%22&fmt=json&limit=10
2026-01-19 19:30:32,086 - INFO - Adapter=MusicBrainzAdapter Action=GET Status=cache-hit:404 Url=https://musicbrainz.org/ws/2/release-group/1cfa5f86-f0a5-4af5-adaa-477f0570c554?fmt=json
2026-01-19 19:30:32,086 - INFO - Adapter=MusicBrainzAdapter Action=GET Status=cache-hit:200 Url=https://musicbrainz.org/ws/2/release/1cfa5f86-f0a5-4af5-adaa-477f0570c554?fmt=json
2026-01-19 19:30:32,086 - INFO - Adapter=MusicBrainzAdapter Action=GET Status=cache-hit:200 Url=https://musicbrainz.org/ws/2/release-group?query=releasegroup%3A%22Era+Extra%C3%B1a%22+AND+artist%3A%22Neon+Indian%22&fmt=json&limit=10
2026-01-19 19:30:32,086 - INFO - Adapter=MusicBrainzAdapter Action=GET Status=cache-hit:404 Url=https://musicbrainz.org/ws/2/release-group/12b93d10-c4fd-3058-830b-ae2c19145ab7?fmt=json
2026-01-19 19:30:32,086 - INFO - Adapter=MusicBrainzAdapter Action=GET Status=cache-hit:200 Url=https://musicbrainz.org/ws/2/release/12b93d10-c4fd-3058-830b-ae2c19145ab7?fmt=json
2026-01-19 19:30:32,087 - INFO - Adapter=MusicBrainzAdapter Action=GET Status=cache-hit:200 Url=https://musicbrainz.org/ws/2/release-group?query=releasegroup%3A%22Manners%22+AND+artist%3A%22Passion+Pit%22&fmt=json&limit=10
2026-01-19 19:30:32,087 - INFO - Adapter=MusicBrainzAdapter Action=GET Status=cache-hit:404 Url=https://musicbrainz.org/ws/2/release-group/178a1607-07c0-4b90-9ec1-8baad7b0b651?fmt=json
2026-01-19 19:30:32,087 - INFO - Adapter=MusicBrainzAdapter Action=GET Status=cache-hit:200 Url=https://musicbrainz.org/ws/2/release/178a1607-07c0-4b90-9ec1-8baad7b0b651?fmt=json
2026-01-19 19:30:32,087 - INFO - Adapter=MusicBrainzAdapter Action=GET Status=cache-hit:200 Url=https://musicbrainz.org/ws/2/release-group?query=releasegroup%3A%22Selected+Ambient+Works+Volume+II%22+AND+artist%3A%22Aphex+Twin%22&fmt=json&limit=10
2026-01-19 19:30:32,087 - INFO - Adapter=MusicBrainzAdapter Action=GET Status=cache-hit:404 Url=https://musicbrainz.org/ws/2/release-group/0672119e-e919-320d-be20-b47388891d93?fmt=json
2026-01-19 19:30:32,087 - INFO - Adapter=MusicBrainzAdapter Action=GET Status=cache-hit:200 Url=https://musicbrainz.org/ws/2/release/0672119e-e919-320d-be20-b47388891d93?fmt=json
2026-01-19 19:30:32,087 - INFO - Adapter=MusicBrainzAdapter Action=GET Status=cache-hit:200 Url=https://musicbrainz.org/ws/2/release-group?query=releasegroup%3A%22Fever+Ray%22+AND+artist%3A%22Fever+Ray%22&fmt=json&limit=10
2026-01-19 19:30:32,087 - INFO - Adapter=MusicBrainzAdapter Action=GET Status=cache-hit:404 Url=https://musicbrainz.org/ws/2/release-group/07b43835-e15a-4887-96f8-fc71c262929e?fmt=json
2026-01-19 19:30:32,087 - INFO - Adapter=MusicBrainzAdapter Action=GET Status=cache-hit:200 Url=https://musicbrainz.org/ws/2/release/07b43835-e15a-4887-96f8-fc71c262929e?fmt=json
2026-01-19 19:30:32,087 - INFO - Adapter=MusicBrainzAdapter Action=GET Status=cache-hit:200 Url=https://musicbrainz.org/ws/2/release-group?query=releasegroup%3A%22In+Silico%22+AND+artist%3A%22Pendulum%22&fmt=json&limit=10
2026-01-19 19:30:32,089 - INFO - Adapter=MusicBrainzAdapter Action=GET Status=cache-hit:404 Url=https://musicbrainz.org/ws/2/release-group/05142b87-6f1b-4219-9576-6bfe57aa3d19?fmt=json
2026-01-19 19:30:32,089 - INFO - Adapter=MusicBrainzAdapter Action=GET Status=cache-hit:200 Url=https://musicbrainz.org/ws/2/release/05142b87-6f1b-4219-9576-6bfe57aa3d19?fmt=json
2026-01-19 19:30:32,089 - INFO - Adapter=MusicBrainzAdapter Action=GET Status=cache-hit:200 Url=https://musicbrainz.org/ws/2/release-group?query=releasegroup%3A%22Goodbye+Country+%28Hello+Nightclub%29%22+AND+artist%3A%22Groove+Armada%22&fmt=json&limit=10
2026-01-19 19:30:32,089 - INFO - Adapter=MusicBrainzAdapter Action=GET Status=cache-hit:200 Url=https://musicbrainz.org/ws/2/release-group?query=releasegroup%3A%22Goodbye+Country%22+AND+artist%3A%22Groove+Armada%22&fmt=json&limit=10
2026-01-19 19:30:32,089 - INFO - Adapter=MusicBrainzAdapter Action=GET Status=cache-hit:200 Url=https://musicbrainz.org/ws/2/release-group?query=releasegroup%3AGoodbye+Country+AND+artist%3AGroove+Armada&fmt=json&limit=10
2026-01-19 19:30:32,090 - INFO - Adapter=MusicBrainzAdapter Action=GET Status=cache-hit:200 Url=https://musicbrainz.org/ws/2/release-group?query=releasegroup%3AGoodbye+Country&fmt=json&limit=10
2026-01-19 19:30:32,091 - INFO - Adapter=MusicBrainzAdapter Action=GET Status=cache-hit:404 Url=https://musicbrainz.org/ws/2/release-group/197e3908-8c27-4d48-91f0-b4ebd0590dca?fmt=json
2026-01-19 19:30:32,091 - INFO - Adapter=MusicBrainzAdapter Action=GET Status=cache-hit:200 Url=https://musicbrainz.org/ws/2/release/197e3908-8c27-4d48-91f0-b4ebd0590dca?fmt=json
2026-01-19 19:30:32,091 - INFO - Adapter=MusicBrainzAdapter Action=GET Status=cache-hit:200 Url=https://musicbrainz.org/ws/2/release-group?query=releasegroup%3A%22Vicious+Delicious%22+AND+artist%3A%22Infected+Mushroom%22&fmt=json&limit=10
2026-01-19 19:30:32,091 - INFO - Adapter=MusicBrainzAdapter Action=GET Status=cache-hit:404 Url=https://musicbrainz.org/ws/2/release-group/0ae16051-e092-3919-ba51-976dfc027cc0?fmt=json
2026-01-19 19:30:32,091 - INFO - Adapter=MusicBrainzAdapter Action=GET Status=cache-hit:200 Url=https://musicbrainz.org/ws/2/release/0ae16051-e092-3919-ba51-976dfc027cc0?fmt=json
2026-01-19 19:30:32,092 - INFO - Adapter=MusicBrainzAdapter Action=GET Status=cache-hit:200 Url=https://musicbrainz.org/ws/2/release-group?query=releasegroup%3A%22Since+I+Left+You%22+AND+artist%3A%22The+Avalanches%22&fmt=json&limit=10
2026-01-19 19:30:32,092 - INFO - Adapter=MusicBrainzAdapter Action=GET Status=cache-hit:404 Url=https://musicbrainz.org/ws/2/release-group/0a4d86ee-5d16-4dfc-a4c0-60de165c0d60?fmt=json
2026-01-19 19:30:32,092 - INFO - Adapter=MusicBrainzAdapter Action=GET Status=cache-hit:200 Url=https://musicbrainz.org/ws/2/release/0a4d86ee-5d16-4dfc-a4c0-60de165c0d60?fmt=json
2026-01-19 19:30:32,092 - INFO - Adapter=MusicBrainzAdapter Action=GET Status=cache-hit:200 Url=https://musicbrainz.org/ws/2/release-group?query=releasegroup%3A%22Syro%22+AND+artist%3A%22Aphex+Twin%22&fmt=json&limit=10
2026-01-19 19:30:32,092 - INFO - Adapter=MusicBrainzAdapter Action=GET Status=cache-hit:404 Url=https://musicbrainz.org/ws/2/release-group/036aab13-b548-31a6-991b-42ebdc3165ff?fmt=json
2026-01-19 19:30:32,092 - INFO - Adapter=MusicBrainzAdapter Action=GET Status=cache-hit:200 Url=https://musicbrainz.org/ws/2/release/036aab13-b548-31a6-991b-42ebdc3165ff?fmt=json
2026-01-19 19:30:32,093 - INFO - Adapter=MusicBrainzAdapter Action=GET Status=cache-hit:200 Url=https://musicbrainz.org/ws/2/release-group?query=releasegroup%3A%22Silent+Shout%22+AND+artist%3A%22The+Knife%22&fmt=json&limit=10
2026-01-19 19:30:32,096 - INFO - Adapter=CoverArtArchiveAdapter Action=GET Status=cache-hit:200 Url=https://coverartarchive.org/release-group/00054665-89fa-33d5-a8f0-1728ea8c32c3
2026-01-19 19:30:32,096 - INFO - Adapter=CoverArtArchiveAdapter Action=GET Status=cache-hit:200 Url=https://coverartarchive.org/release-group/84d79dbe-7ac1-3ebc-9b36-238ddfb8229c
2026-01-19 19:30:32,096 - INFO - Adapter=CoverArtArchiveAdapter Action=GET Status=cache-hit:200 Url=https://coverartarchive.org/release-group/6fa35df1-a08e-42f5-aeb2-ae590ba9fd6b
2026-01-19 19:35:50,475 - INFO - Adapter=LastfmAdapter Action=GET Status=cache-hit:200 Url=https://ws.audioscrobbler.com/2.0/?method=tag.getTopAlbums&tag=electronic&limit=30&page=1&api_key=%2A%2A%2A&format=json
2026-01-19 19:35:50,475 - INFO - Adapter=MusicBrainzAdapter Action=GET Status=cache-hit:404 Url=https://musicbrainz.org/ws/2/release-group/2fdcc2d7-50b9-4b27-8262-8cf9e31aaa4d?fmt=json
2026-01-19 19:35:50,475 - INFO - Adapter=MusicBrainzAdapter Action=GET Status=cache-hit:200 Url=https://musicbrainz.org/ws/2/release/2fdcc2d7-50b9-4b27-8262-8cf9e31aaa4d?fmt=json
2026-01-19 19:35:50,477 - INFO - Adapter=MusicBrainzAdapter Action=GET Status=cache-hit:200 Url=https://musicbrainz.org/ws/2/release-group?query=releasegroup%3A%22Homework%22+AND+artist%3A%22Daft+Punk%22&fmt=json&limit=10
2026-01-19 19:35:50,477 - INFO - Adapter=MusicBrainzAdapter Action=GET Status=cache-hit:404 Url=https://musicbrainz.org/ws/2/release-group/0b750e65-9cd7-452e-82c2-38724da80c09?fmt=json
2026-01-19 19:35:50,477 - INFO - Adapter=MusicBrainzAdapter Action=GET Status=cache-hit:200 Url=https://musicbrainz.org/ws/2/release/0b750e65-9cd7-452e-82c2-38724da80c09?fmt=json
2026-01-19 19:35:50,477 - INFO - Adapter=MusicBrainzAdapter Action=GET Status=cache-hit:200 Url=https://musicbrainz.org/ws/2/release-group?query=releasegroup%3A%22Ocean+Eyes%22+AND+artist%3A%22Owl+City%22&fmt=json&limit=10
2026-01-19 19:35:50,477 - INFO - Adapter=MusicBrainzAdapter Action=GET Status=cache-hit:404 Url=https://musicbrainz.org/ws/2/release-group/0cd3b3c3-c408-3f2f-bfb7-96ca426b98a0?fmt=json
2026-01-19 19:35:50,478 - INFO - Adapter=MusicBrainzAdapter Action=GET Status=cache-hit:200 Url=https://musicbrainz.org/ws/2/release/0cd3b3c3-c408-3f2f-bfb7-96ca426b98a0?fmt=json
2026-01-19 19:35:50,478 - INFO - Adapter=MusicBrainzAdapter Action=GET Status=cache-hit:200 Url=https://musicbrainz.org/ws/2/release-group?query=releasegroup%3A%22Walking+on+a+Dream%22+AND+artist%3A%22Empire+of+the+Sun%22&fmt=json&limit=10
2026-01-19 19:35:50,478 - INFO - Adapter=MusicBrainzAdapter Action=GET Status=cache-hit:404 Url=https://musicbrainz.org/ws/2/release-group/005f0c9a-05fe-37d6-b3f9-44440968b17f?fmt=json
2026-01-19 19:35:50,478 - INFO - Adapter=MusicBrainzAdapter Action=GET Status=cache-hit:200 Url=https://musicbrainz.org/ws/2/release/005f0c9a-05fe-37d6-b3f9-44440968b17f?fmt=json
2026-01-19 19:35:50,479 - INFO - Adapter=MusicBrainzAdapter Action=GET Status=cache-hit:200 Url=https://musicbrainz.org/ws/2/release-group?query=releasegroup%3A%22The+Eraser%22+AND+artist%3A%22Thom+Yorke%22&fmt=json&limit=10
2026-01-19 19:35:50,479 - INFO - Adapter=MusicBrainzAdapter Action=GET Status=cache-hit:404 Url=https://musicbrainz.org/ws/2/release-group/16ca684d-53bc-4777-8129-6f779bf26ac9?fmt=json
2026-01-19 19:35:50,479 - INFO - Adapter=MusicBrainzAdapter Action=GET Status=cache-hit:200 Url=https://musicbrainz.org/ws/2/release/16ca684d-53bc-4777-8129-6f779bf26ac9?fmt=json
2026-01-19 19:35:50,479 - INFO - Adapter=MusicBrainzAdapter Action=GET Status=cache-hit:200 Url=https://musicbrainz.org/ws/2/release-group?query=releasegroup%3A%22Richard+D.+James+Album%22+AND+artist%3A%22Aphex+Twin%22&fmt=json&limit=10
2026-01-19 19:35:50,479 - INFO - Adapter=MusicBrainzAdapter Action=GET Status=cache-hit:404 Url=https://musicbrainz.org/ws/2/release-group/064fa38d-810d-4a8a-a6a4-55d6fd1da34b?fmt=json
2026-01-19 19:35:50,479 - INFO - Adapter=MusicBrainzAdapter Action=GET Status=cache-hit:200 Url=https://musicbrainz.org/ws/2/release/064fa38d-810d-4a8a-a6a4-55d6fd1da34b?fmt=json
2026-01-19 19:35:50,480 - INFO - Adapter=MusicBrainzAdapter Action=GET Status=cache-hit:200 Url=https://musicbrainz.org/ws/2/release-group?query=releasegroup%3A%22Third%22+AND+artist%3A%22Portishead%22&fmt=json&limit=10
2026-01-19 19:35:50,480 - INFO - Adapter=MusicBrainzAdapter Action=GET Status=cache-hit:404 Url=https://musicbrainz.org/ws/2/release-group/348662a8-54ce-4d14-adf5-3ce2cefd57bb?fmt=json
2026-01-19 19:35:50,480 - INFO - Adapter=MusicBrainzAdapter Action=GET Status=cache-hit:200 Url=https://musicbrainz.org/ws/2/release/348662a8-54ce-4d14-adf5-3ce2cefd57bb?fmt=json
2026-01-19 19:35:50,480 - INFO - Adapter=MusicBrainzAdapter Action=GET Status=cache-hit:200 Url=https://musicbrainz.org/ws/2/release-group?query=releasegroup%3A%22Racine+carr%C3%A9e%22+AND+artist%3A%22Stromae%22&fmt=json&limit=10
2026-01-19 19:35:50,480 - INFO - Adapter=MusicBrainzAdapter Action=GET Status=cache-hit:404 Url=https://musicbrainz.org/ws/2/release-group/099ff30d-6b67-4ce6-a26e-672a29ddc1fd?fmt=json
2026-01-19 19:35:50,481 - INFO - Adapter=MusicBrainzAdapter Action=GET Status=cache-hit:200 Url=https://musicbrainz.org/ws/2/release/099ff30d-6b67-4ce6-a26e-672a29ddc1fd?fmt=json
2026-01-19 19:35:50,481 - INFO - Adapter=MusicBrainzAdapter Action=GET Status=cache-hit:200 Url=https://musicbrainz.org/ws/2/release-group?query=releasegroup%3A%22Melody+A.M.%22+AND+artist%3A%22R%C3%B6yksopp%22&fmt=json&limit=10
2026-01-19 19:35:50,481 - INFO - Adapter=MusicBrainzAdapter Action=GET Status=cache-hit:404 Url=https://musicbrainz.org/ws/2/release-group/561ef915-9383-40ec-9baf-f9c55d1ddf72?fmt=json
2026-01-19 19:35:50,481 - INFO - Adapter=MusicBrainzAdapter Action=GET Status=cache-hit:200 Url=https://musicbrainz.org/ws/2/release/561ef915-9383-40ec-9baf-f9c55d1ddf72?fmt=json
2026-01-19 19:35:50,481 - INFO - Adapter=MusicBrainzAdapter Action=GET Status=cache-hit:200 Url=https://musicbrainz.org/ws/2/release-group?query=releasegroup%3A%22Neveroddoreven%22+AND+artist%3A%22I+Monster%22&fmt=json&limit=10
2026-01-19 19:35:50,481 - INFO - Adapter=MusicBrainzAdapter Action=GET Status=cache-hit:404 Url=https://musicbrainz.org/ws/2/release-group/4c54ee58-86df-3ba5-aaad-6b284293141b?fmt=json
2026-01-19 19:35:50,482 - INFO - Adapter=MusicBrainzAdapter Action=GET Status=cache-hit:200 Url=https://musicbrainz.org/ws/2/release/4c54ee58-86df-3ba5-aaad-6b284293141b?fmt=json
2026-01-19 19:35:50,482 - INFO - Adapter=MusicBrainzAdapter Action=GET Status=cache-hit:200 Url=https://musicbrainz.org/ws/2/release-group?query=releasegroup%3A%22TRON%3A+Legacy%22+AND+artist%3A%22Daft+Punk%22&fmt=json&limit=10
2026-01-19 19:35:50,482 - INFO - Adapter=MusicBrainzAdapter Action=GET Status=cache-hit:200 Url=https://musicbrainz.org/ws/2/release-group?query=releasegroup%3A%22Cross%22+AND+artist%3A%22Justice%22&fmt=json&limit=10
2026-01-19 19:35:50,483 - INFO - Adapter=MusicBrainzAdapter Action=GET Status=cache-hit:200 Url=https://musicbrainz.org/ws/2/release-group?query=releasegroup%3A%22Cross%22+AND+artist%3A%22Justice%22&fmt=json&limit=10
2026-01-19 19:35:50,483 - INFO - Adapter=MusicBrainzAdapter Action=GET Status=cache-hit:200 Url=https://musicbrainz.org/ws/2/release-group?query=releasegroup%3ACross+AND+artist%3AJustice&fmt=json&limit=10
2026-01-19 19:35:50,483 - INFO - Adapter=MusicBrainzAdapter Action=GET Status=cache-hit:200 Url=https://musicbrainz.org/ws/2/release-group?query=releasegroup%3ACross&fmt=json&limit=10
2026-01-19 19:35:50,484 - INFO - Adapter=MusicBrainzAdapter Action=GET Status=cache-hit:404 Url=https://musicbrainz.org/ws/2/release-group/06a313ba-a888-31f6-8092-f49398667ef8?fmt=json
2026-01-19 19:35:50,484 - INFO - Adapter=MusicBrainzAdapter Action=GET Status=cache-hit:200 Url=https://musicbrainz.org/ws/2/release/06a313ba-a888-31f6-8092-f49398667ef8?fmt=json
2026-01-19 19:35:50,484 - INFO - Adapter=MusicBrainzAdapter Action=GET Status=cache-hit:200 Url=https://musicbrainz.org/ws/2/release-group?query=releasegroup%3A%22Deep+Cuts%22+AND+artist%3A%22The+Knife%22&fmt=json&limit=10
2026-01-19 19:35:50,485 - INFO - Adapter=MusicBrainzAdapter Action=GET Status=cache-hit:404 Url=https://musicbrainz.org/ws/2/release-group/136434d5-9ddf-4c62-8dcc-021ead11fe0c?fmt=json
2026-01-19 19:35:50,485 - INFO - Adapter=MusicBrainzAdapter Action=GET Status=cache-hit:200 Url=https://musicbrainz.org/ws/2/release/136434d5-9ddf-4c62-8dcc-021ead11fe0c?fmt=json
2026-01-19 19:35:50,485 - INFO - Adapter=MusicBrainzAdapter Action=GET Status=cache-hit:200 Url=https://musicbrainz.org/ws/2/release-group?query=releasegroup%3A%22Blurryface%22+AND+artist%3A%22Twenty+One+Pilots%22&fmt=json&limit=10
2026-01-19 19:35:50,485 - INFO - Adapter=MusicBrainzAdapter Action=GET Status=cache-hit:404 Url=https://musicbrainz.org/ws/2/release-group/2a92ad7e-c570-461e-8c15-effc66ee3a32?fmt=json
2026-01-19 19:35:50,485 - INFO - Adapter=MusicBrainzAdapter Action=GET Status=cache-hit:200 Url=https://musicbrainz.org/ws/2/release/2a92ad7e-c570-461e-8c15-effc66ee3a32?fmt=json
2026-01-19 19:35:50,485 - INFO - Adapter=MusicBrainzAdapter Action=GET Status=cache-hit:200 Url=https://musicbrainz.org/ws/2/release-group?query=releasegroup%3A%22Regional+at+Best%22+AND+artist%3A%22Twenty+One+Pilots%22&fmt=json&limit=10
2026-01-19 19:35:50,486 - INFO - Adapter=MusicBrainzAdapter Action=GET Status=cache-hit:404 Url=https://musicbrainz.org/ws/2/release-group/0c8adc4a-8bee-4245-b948-f396b3548c42?fmt=json
2026-01-19 19:35:50,486 - INFO - Adapter=MusicBrainzAdapter Action=GET Status=cache-hit:200 Url=https://musicbrainz.org/ws/2/release/0c8adc4a-8bee-4245-b948-f396b3548c42?fmt=json
2026-01-19 19:35:50,486 - INFO - Adapter=MusicBrainzAdapter Action=GET Status=cache-hit:200 Url=https://musicbrainz.org/ws/2/release-group?query=releasegroup%3A%22Fancy+Footwork%22+AND+artist%3A%22Chromeo%22&fmt=json&limit=10
2026-01-19 19:35:50,486 - INFO - Adapter=MusicBrainzAdapter Action=GET Status=cache-hit:404 Url=https://musicbrainz.org/ws/2/release-group/8c79a4ef-9bf3-4ee1-8e60-5f337a90e07b?fmt=json
2026-01-19 19:35:50,486 - INFO - Adapter=MusicBrainzAdapter Action=GET Status=cache-hit:200 Url=https://musicbrainz.org/ws/2/release/8c79a4ef-9bf3-4ee1-8e60-5f337a90e07b?fmt=json
2026-01-19 19:35:50,487 - INFO - Adapter=MusicBrainzAdapter Action=GET Status=cache-hit:200 Url=https://musicbrainz.org/ws/2/release-group?query=releasegroup%3A%22Hell+Is+What+You+Make+It%22+AND+artist%3A%22Breathe+Carolina%22&fmt=json&limit=10
2026-01-19 19:35:50,487 - INFO - Adapter=MusicBrainzAdapter Action=GET Status=cache-hit:404 Url=https://musicbrainz.org/ws/2/release-group/468c50a9-8899-4ec7-8b68-46ec652b35eb?fmt=json
2026-01-19 19:35:50,487 - INFO - Adapter=MusicBrainzAdapter Action=GET Status=cache-hit:200 Url=https://musicbrainz.org/ws/2/release/468c50a9-8899-4ec7-8b68-46ec652b35eb?fmt=json
2026-01-19 19:35:50,487 - INFO - Adapter=MusicBrainzAdapter Action=GET Status=cache-hit:200 Url=https://musicbrainz.org/ws/2/release-group?query=releasegroup%3A%22I+Created+Disco%22+AND+artist%3A%22Calvin+Harris%22&fmt=json&limit=10
2026-01-19 19:35:50,487 - INFO - Adapter=MusicBrainzAdapter Action=GET Status=cache-hit:404 Url=https://musicbrainz.org/ws/2/release-group/5505f51b-7b24-43f1-858d-07f53a7bb9f9?fmt=json
2026-01-19 19:35:50,487 - INFO - Adapter=MusicBrainzAdapter Action=GET Status=cache-hit:200 Url=https://musicbrainz.org/ws/2/release/5505f51b-7b24-43f1-858d-07f53a7bb9f9?fmt=json
2026-01-19 19:35:50,488 - INFO - Adapter=MusicBrainzAdapter Action=GET Status=cache-hit:200 Url=https://musicbrainz.org/ws/2/release-group?query=releasegroup%3A%22Wonderland%22+AND+artist%3A%22Pogo%22&fmt=json&limit=10
2026-01-19 19:35:50,488 - INFO - Adapter=MusicBrainzAdapter Action=GET Status=cache-hit:200 Url=https://musicbrainz.org/ws/2/release-group?query=releasegroup%3A%22Wonderland%22+AND+artist%3A%22Pogo%22&fmt=json&limit=10
2026-01-19 19:35:50,488 - INFO - Adapter=MusicBrainzAdapter Action=GET Status=cache-hit:200 Url=https://musicbrainz.org/ws/2/release-group?query=releasegroup%3AWonderland+AND+artist%3APogo&fmt=json&limit=10
2026-01-19 19:35:50,489 - INFO - Adapter=MusicBrainzAdapter Action=GET Status=cache-hit:200 Url=https://musicbrainz.org/ws/2/release-group?query=releasegroup%3AWonderland&fmt=json&limit=10
2026-01-19 19:35:50,489 - INFO - Adapter=MusicBrainzAdapter Action=GET Status=cache-hit:200 Url=https://musicbrainz.org/ws/2/release-group?query=releasegroup%3A%22Symbols%22+AND+artist%3A%22KMFDM%22&fmt=json&limit=10
2026-01-19 19:35:50,489 - INFO - Adapter=MusicBrainzAdapter Action=GET Status=cache-hit:404 Url=https://musicbrainz.org/ws/2/release-group/0fa577fe-70e5-4282-b3b8-89e26811386a?fmt=json
2026-01-19 19:35:50,489 - INFO - Adapter=MusicBrainzAdapter Action=GET Status=cache-hit:200 Url=https://musicbrainz.org/ws/2/release/0fa577fe-70e5-4282-b3b8-89e26811386a?fmt=json
2026-01-19 19:35:50,489 - INFO - Adapter=MusicBrainzAdapter Action=GET Status=cache-hit:200 Url=https://musicbrainz.org/ws/2/release-group?query=releasegroup%3A%22PRODUCT%22+AND+artist%3A%22Sophie%22&fmt=json&limit=10
2026-01-19 19:35:50,489 - INFO - Adapter=MusicBrainzAdapter Action=GET Status=cache-hit:404 Url=https://musicbrainz.org/ws/2/release-group/1cfa5f86-f0a5-4af5-adaa-477f0570c554?fmt=json
2026-01-19 19:35:50,490 - INFO - Adapter=MusicBrainzAdapter Action=GET Status=cache-hit:200 Url=https://musicbrainz.org/ws/2/release/1cfa5f86-f0a5-4af5-adaa-477f0570c554?fmt=json
2026-01-19 19:35:50,490 - INFO - Adapter=MusicBrainzAdapter Action=GET Status=cache-hit:200 Url=https://musicbrainz.org/ws/2/release-group?query=releasegroup%3A%22Era+Extra%C3%B1a%22+AND+artist%3A%22Neon+Indian%22&fmt=json&limit=10
2026-01-19 19:35:50,490 - INFO - Adapter=MusicBrainzAdapter Action=GET Status=cache-hit:404 Url=https://musicbrainz.org/ws/2/release-group/12b93d10-c4fd-3058-830b-ae2c19145ab7?fmt=json
2026-01-19 19:35:50,490 - INFO - Adapter=MusicBrainzAdapter Action=GET Status=cache-hit:200 Url=https://musicbrainz.org/ws/2/release/12b93d10-c4fd-3058-830b-ae2c19145ab7?fmt=json
2026-01-19 19:35:50,490 - INFO - Adapter=MusicBrainzAdapter Action=GET Status=cache-hit:200 Url=https://musicbrainz.org/ws/2/release-group?query=releasegroup%3A%22Manners%22+AND+artist%3A%22Passion+Pit%22&fmt=json&limit=10
2026-01-19 19:35:50,490 - INFO - Adapter=MusicBrainzAdapter Action=GET Status=cache-hit:404 Url=https://musicbrainz.org/ws/2/release-group/178a1607-07c0-4b90-9ec1-8baad7b0b651?fmt=json
2026-01-19 19:35:50,490 - INFO - Adapter=MusicBrainzAdapter Action=GET Status=cache-hit:200 Url=https://musicbrainz.org/ws/2/release/178a1607-07c0-4b90-9ec1-8baad7b0b651?fmt=json
2026-01-19 19:35:50,491 - INFO - Adapter=MusicBrainzAdapter Action=GET Status=cache-hit:200 Url=https://musicbrainz.org/ws/2/release-group?query=releasegroup%3A%22Selected+Ambient+Works+Volume+II%22+AND+artist%3A%22Aphex+Twin%22&fmt=json&limit=10
2026-01-19 19:35:50,491 - INFO - Adapter=MusicBrainzAdapter Action=GET Status=cache-hit:404 Url=https://musicbrainz.org/ws/2/release-group/0672119e-e919-320d-be20-b47388891d93?fmt=json
2026-01-19 19:35:50,491 - INFO - Adapter=MusicBrainzAdapter Action=GET Status=cache-hit:200 Url=https://musicbrainz.org/ws/2/release/0672119e-e919-320d-be20-b47388891d93?fmt=json
2026-01-19 19:35:50,491 - INFO - Adapter=MusicBrainzAdapter Action=GET Status=cache-hit:200 Url=https://musicbrainz.org/ws/2/release-group?query=releasegroup%3A%22Fever+Ray%22+AND+artist%3A%22Fever+Ray%22&fmt=json&limit=10
2026-01-19 19:35:50,491 - INFO - Adapter=MusicBrainzAdapter Action=GET Status=cache-hit:404 Url=https://musicbrainz.org/ws/2/release-group/07b43835-e15a-4887-96f8-fc71c262929e?fmt=json
2026-01-19 19:35:50,491 - INFO - Adapter=MusicBrainzAdapter Action=GET Status=cache-hit:200 Url=https://musicbrainz.org/ws/2/release/07b43835-e15a-4887-96f8-fc71c262929e?fmt=json
2026-01-19 19:35:50,492 - INFO - Adapter=MusicBrainzAdapter Action=GET Status=cache-hit:200 Url=https://musicbrainz.org/ws/2/release-group?query=releasegroup%3A%22In+Silico%22+AND+artist%3A%22Pendulum%22&fmt=json&limit=10
2026-01-19 19:35:50,492 - INFO - Adapter=MusicBrainzAdapter Action=GET Status=cache-hit:404 Url=https://musicbrainz.org/ws/2/release-group/05142b87-6f1b-4219-9576-6bfe57aa3d19?fmt=json
2026-01-19 19:35:50,492 - INFO - Adapter=MusicBrainzAdapter Action=GET Status=cache-hit:200 Url=https://musicbrainz.org/ws/2/release/05142b87-6f1b-4219-9576-6bfe57aa3d19?fmt=json
2026-01-19 19:35:50,492 - INFO - Adapter=MusicBrainzAdapter Action=GET Status=cache-hit:200 Url=https://musicbrainz.org/ws/2/release-group?query=releasegroup%3A%22Goodbye+Country+%28Hello+Nightclub%29%22+AND+artist%3A%22Groove+Armada%22&fmt=json&limit=10
2026-01-19 19:35:50,492 - INFO - Adapter=MusicBrainzAdapter Action=GET Status=cache-hit:200 Url=https://musicbrainz.org/ws/2/release-group?query=releasegroup%3A%22Goodbye+Country%22+AND+artist%3A%22Groove+Armada%22&fmt=json&limit=10
2026-01-19 19:35:50,493 - INFO - Adapter=MusicBrainzAdapter Action=GET Status=cache-hit:200 Url=https://musicbrainz.org/ws/2/release-group?query=releasegroup%3AGoodbye+Country+AND+artist%3AGroove+Armada&fmt=json&limit=10
2026-01-19 19:35:50,493 - INFO - Adapter=MusicBrainzAdapter Action=GET Status=cache-hit:200 Url=https://musicbrainz.org/ws/2/release-group?query=releasegroup%3AGoodbye+Country&fmt=json&limit=10
2026-01-19 19:35:50,494 - INFO - Adapter=MusicBrainzAdapter Action=GET Status=cache-hit:404 Url=https://musicbrainz.org/ws/2/release-group/197e3908-8c27-4d48-91f0-b4ebd0590dca?fmt=json
2026-01-19 19:35:50,494 - INFO - Adapter=MusicBrainzAdapter Action=GET Status=cache-hit:200 Url=https://musicbrainz.org/ws/2/release/197e3908-8c27-4d48-91f0-b4ebd0590dca?fmt=json
2026-01-19 19:35:50,495 - INFO - Adapter=MusicBrainzAdapter Action=GET Status=cache-hit:200 Url=https://musicbrainz.org/ws/2/release-group?query=releasegroup%3A%22Vicious+Delicious%22+AND+artist%3A%22Infected+Mushroom%22&fmt=json&limit=10
2026-01-19 19:35:50,495 - INFO - Adapter=MusicBrainzAdapter Action=GET Status=cache-hit:404 Url=https://musicbrainz.org/ws/2/release-group/0ae16051-e092-3919-ba51-976dfc027cc0?fmt=json
2026-01-19 19:35:50,495 - INFO - Adapter=MusicBrainzAdapter Action=GET Status=cache-hit:200 Url=https://musicbrainz.org/ws/2/release/0ae16051-e092-3919-ba51-976dfc027cc0?fmt=json
2026-01-19 19:35:50,495 - INFO - Adapter=MusicBrainzAdapter Action=GET Status=cache-hit:200 Url=https://musicbrainz.org/ws/2/release-group?query=releasegroup%3A%22Since+I+Left+You%22+AND+artist%3A%22The+Avalanches%22&fmt=json&limit=10
2026-01-19 19:35:50,495 - INFO - Adapter=MusicBrainzAdapter Action=GET Status=cache-hit:404 Url=https://musicbrainz.org/ws/2/release-group/0a4d86ee-5d16-4dfc-a4c0-60de165c0d60?fmt=json
2026-01-19 19:35:50,495 - INFO - Adapter=MusicBrainzAdapter Action=GET Status=cache-hit:200 Url=https://musicbrainz.org/ws/2/release/0a4d86ee-5d16-4dfc-a4c0-60de165c0d60?fmt=json
2026-01-19 19:35:50,496 - INFO - Adapter=MusicBrainzAdapter Action=GET Status=cache-hit:200 Url=https://musicbrainz.org/ws/2/release-group?query=releasegroup%3A%22Syro%22+AND+artist%3A%22Aphex+Twin%22&fmt=json&limit=10
2026-01-19 19:35:50,496 - INFO - Adapter=MusicBrainzAdapter Action=GET Status=cache-hit:404 Url=https://musicbrainz.org/ws/2/release-group/036aab13-b548-31a6-991b-42ebdc3165ff?fmt=json
2026-01-19 19:35:50,496 - INFO - Adapter=MusicBrainzAdapter Action=GET Status=cache-hit:200 Url=https://musicbrainz.org/ws/2/release/036aab13-b548-31a6-991b-42ebdc3165ff?fmt=json
2026-01-19 19:35:50,496 - INFO - Adapter=MusicBrainzAdapter Action=GET Status=cache-hit:200 Url=https://musicbrainz.org/ws/2/release-group?query=releasegroup%3A%22Silent+Shout%22+AND+artist%3A%22The+Knife%22&fmt=json&limit=10
2026-01-19 19:35:50,500 - INFO - Adapter=CoverArtArchiveAdapter Action=GET Status=cache-hit:200 Url=https://coverartarchive.org/release-group/00054665-89fa-33d5-a8f0-1728ea8c32c3
2026-01-19 19:35:50,500 - INFO - Adapter=CoverArtArchiveAdapter Action=GET Status=cache-hit:200 Url=https://coverartarchive.org/release-group/84d79dbe-7ac1-3ebc-9b36-238ddfb8229c
2026-01-19 19:35:50,500 - INFO - Adapter=CoverArtArchiveAdapter Action=GET Status=cache-hit:200 Url=https://coverartarchive.org/release-group/6fa35df1-a08e-42f5-aeb2-ae590ba9fd6b
2026-01-19 19:38:20,212 - INFO - Adapter=LastfmAdapter Action=GET Status=cache-miss Url=https://ws.audioscrobbler.com/2.0/?method=tag.getTopAlbums&tag=2026-01-19&limit=30&page=1&api_key=%2A%2A%2A&format=json
2026-01-19 19:38:21,747 - INFO - Adapter=LastfmAdapter Action=GET Status=200 Url=https://ws.audioscrobbler.com/2.0/?method=tag.getTopAlbums&tag=2026-01-19&limit=30&page=1&api_key=%2A%2A%2A&format=json
